<?xml version="1.0" encoding="UTF-8"?>
<!-- Generated by org.testng.reporters.JUnitReportReporter -->
<testsuite hostname="Vinothqas-Mac-mini.local" failures="0" tests="2" name="firsttest.aptesting" time="0.001" errors="0" timestamp="03 Aug 2018 07:56:30 GMT" skipped="0">
  <testcase classname="firsttest.aptesting" name="test" time="0.000"/>
  <testcase classname="firsttest.aptesting" name="test" time="0.001"/>
</testsuite> <!-- firsttest.aptesting -->
